Checking for updates.
Package android-studio: checking for user's last update.
Latest version for user: 3.6.2.0.
Latest version on site: 3.6.2.0.
android-studio is up to date
Package brother-hl5450dn: checking for user's last update.
Latest version for user: 3.0.0.
Latest version on site: 3.0.0.
brother-hl5450dn is up to date
Package clight: checking for user's last update.
Latest version for user: 4.0.
Latest version on site: 4.0.
clight is up to date
Package clightd: checking for user's last update.
Latest version for user: 4.0.
Latest version on site: 4.0.
clightd is up to date
Package ddcutil: checking for user's last update.
Latest version for user: 0.9.8.
Latest version on site: 0.9.8.
ddcutil is up to date
Package debtap: checking for user's last update.
Latest version for user: 3.2.2.
Latest version on site: 3.2.2.
debtap is up to date
Package google-chrome: checking for user's last update.
Latest version for user: 80.0.3987.162.
Latest version on site: 80.0.3987.162.
google-chrome is up to date
Package libmodule: checking for user's last update.
Latest version for user: 5.0.0.
Latest version on site: 5.0.0.
libmodule is up to date
Package logisim-evolution: checking for user's last update.
Latest version for user: 3.3.4.
Latest version on site: 3.3.4.
logisim-evolution is up to date
Package lugaru: checking for user's last update.
Latest version for user: 1.2.
Latest version on site: 1.2.
lugaru is up to date
Package mips64-elf-binutils: checking for user's last update.
Latest version for user: 2.34.
Latest version on site: 2.34.
mips64-elf-binutils is up to date
Package mips64-elf-gcc: checking for user's last update.
Latest version for user: 9.3.0.
Latest version on site: 9.3.0.
mips64-elf-gcc is up to date
Package mips64-elf-newlib: checking for user's last update.
Latest version for user: 3.1.0.
Latest version on site: 3.1.0.
mips64-elf-newlib is up to date
Package pulse-secure: checking for user's last update.
Latest version for user: 9.1r4.0_b143.
Latest version on site: 9.1r4.0_b143.
pulse-secure is up to date
Package rstudio-desktop-bin: checking for user's last update.
Latest version for user: 1.2.5033.
Latest version on site: 1.2.5033.
rstudio-desktop-bin is up to date
Package sasm: checking for user's last update.
Latest version for user: 3.11.1.
Latest version on site: 3.11.1.
sasm is up to date
Package skypeforlinux-stable-bin: checking for user's last update.
Latest version for user: 8.58.0.93.
Latest version on site: 8.58.0.93.
skypeforlinux-stable-bin is up to date
Package webkitgtk: checking for user's last update.
Latest version for user: 2.4.11.
Latest version on site: 2.4.11.
webkitgtk is up to date
Package zoom: checking for user's last update.
Latest version for user: 3.5.374815.0324.
Latest version on site: 3.5.374815.0324.
zoom is up to date
